[2026-06-26 12:11:32] [info]  [11528] Apache Commons Daemon procrun (1.6.1.0 64-bit) started.
[2026-06-26 12:11:32] [info]  [11528] redirectStdStreams() stdout and stderr reassigned
[2026-06-26 12:11:32] [info]  [11528] Running Service 'Tomcat9'...
[2026-06-26 12:11:32] [info]  [24900] Starting service...
[2026-06-26 12:11:34] [info]  [24900] Service started in 1692 milliseconds.
[2026-06-26 12:20:08] [info]  [11528] Service SERVICE_CONTROL_STOP signalled.
[2026-06-26 12:20:08] [info]  [29856] Stopping service...
[2026-06-26 12:20:08] [info]  [29856] Stopping service...timeout 60000
[2026-06-26 12:20:08] [info]  [29856] Stopping service...timeout 60000 _jni_shutdown
[2026-06-26 12:20:09] [info]  [29856] Service stop thread completed.
[2026-06-26 12:20:10] [info]  [11528] Run service finished.
[2026-06-26 12:20:10] [info]  [11528] Apache Commons Daemon procrun finished.
[2026-06-26 12:20:10] [info]  [25272] Apache Commons Daemon procrun (1.6.1.0 64-bit) started.
[2026-06-26 12:20:10] [info]  [25272] redirectStdStreams() stdout and stderr reassigned
[2026-06-26 12:20:10] [info]  [25272] Running Service 'Tomcat9'...
[2026-06-26 12:20:10] [info]  [32244] Starting service...
[2026-06-26 12:20:11] [info]  [32244] Service started in 1470 milliseconds.
[2026-06-26 12:21:30] [info]  [27356] Console SHUTDOWN event signaled.
[2026-06-26 12:21:30] [info]  [27356] Stopping service...
[2026-06-26 12:21:30] [info]  [27356] Stopping service...timeout 60000
[2026-06-26 12:21:30] [info]  [27356] Stopping service...timeout 60000 _jni_shutdown
[2026-06-26 12:21:31] [info]  [27356] Service stop thread completed.
[2026-06-26 12:21:31] [info]  [25272] Run service finished.
[2026-06-26 12:21:31] [info]  [25272] Apache Commons Daemon procrun finished.
[2026-06-26 12:22:17] [info]  [ 6504] Apache Commons Daemon procrun (1.6.1.0 64-bit) started.
[2026-06-26 12:22:18] [info]  [ 6504] redirectStdStreams() stdout and stderr reassigned
[2026-06-26 12:22:18] [info]  [ 6504] Running Service 'Tomcat9'...
[2026-06-26 12:22:19] [info]  [ 8112] Starting service...
[2026-06-26 12:22:23] [info]  [ 8112] Service started in 3855 milliseconds.
[2026-06-26 12:28:38] [info]  [12696] Console SHUTDOWN event signaled.
[2026-06-26 12:28:38] [info]  [12696] Stopping service...
[2026-06-26 12:28:38] [info]  [12696] Stopping service...timeout 60000
[2026-06-26 12:28:38] [info]  [12696] Stopping service...timeout 60000 _jni_shutdown
[2026-06-26 12:28:39] [info]  [12696] Service stop thread completed.
[2026-06-26 12:28:39] [info]  [ 6504] Run service finished.
[2026-06-26 12:28:39] [info]  [ 6504] Apache Commons Daemon procrun finished.
[2026-06-26 12:29:23] [info]  [ 7188] Apache Commons Daemon procrun (1.6.1.0 64-bit) started.
[2026-06-26 12:29:24] [info]  [ 7188] redirectStdStreams() stdout and stderr reassigned
[2026-06-26 12:29:24] [info]  [ 7188] Running Service 'Tomcat9'...
[2026-06-26 12:29:24] [info]  [ 8712] Starting service...
[2026-06-26 12:29:27] [info]  [ 8712] Service started in 3190 milliseconds.
[2026-06-26 12:34:22] [info]  [16228] Console SHUTDOWN event signaled.
[2026-06-26 12:34:22] [info]  [16228] Stopping service...
[2026-06-26 12:34:22] [info]  [16228] Stopping service...timeout 60000
[2026-06-26 12:34:22] [info]  [16228] Stopping service...timeout 60000 _jni_shutdown
[2026-06-26 12:34:23] [info]  [16228] Service stop thread completed.
[2026-06-26 12:34:24] [info]  [ 7188] Run service finished.
[2026-06-26 12:34:24] [info]  [ 7188] Apache Commons Daemon procrun finished.
[2026-06-26 12:35:06] [info]  [ 7012] Apache Commons Daemon procrun (1.6.1.0 64-bit) started.
[2026-06-26 12:35:07] [info]  [ 7012] redirectStdStreams() stdout and stderr reassigned
[2026-06-26 12:35:07] [info]  [ 7012] Running Service 'Tomcat9'...
[2026-06-26 12:35:08] [info]  [ 8480] Starting service...
[2026-06-26 12:35:12] [info]  [ 8480] Service started in 4628 milliseconds.
[2026-06-26 13:34:30] [info]  [19940] Console SHUTDOWN event signaled.
[2026-06-26 13:34:30] [info]  [19940] Stopping service...
[2026-06-26 13:34:30] [info]  [19940] Stopping service...timeout 60000
[2026-06-26 13:34:30] [info]  [19940] Stopping service...timeout 60000 _jni_shutdown
[2026-06-26 13:34:31] [info]  [19940] Service stop thread completed.
[2026-06-26 13:34:31] [info]  [ 7012] Run service finished.
[2026-06-26 13:34:31] [info]  [ 7012] Apache Commons Daemon procrun finished.
[2026-06-26 13:35:15] [info]  [ 7116] Apache Commons Daemon procrun (1.6.1.0 64-bit) started.
[2026-06-26 13:35:16] [info]  [ 7116] redirectStdStreams() stdout and stderr reassigned
[2026-06-26 13:35:16] [info]  [ 7116] Running Service 'Tomcat9'...
[2026-06-26 13:35:16] [info]  [ 8432] Starting service...
[2026-06-26 13:35:18] [info]  [ 8432] Service started in 2327 milliseconds.
