29-Jun-2026 15:58:33.707 INFO [main] org.apache.catalina.startup.VersionLoggerListener.log Server version name:   Apache Tomcat/9.0.119
29-Jun-2026 15:58:33.718 INFO [main] org.apache.catalina.startup.VersionLoggerListener.log Server built:          Jun 18 2026 07:06:31 UTC
29-Jun-2026 15:58:33.719 INFO [main] org.apache.catalina.startup.VersionLoggerListener.log Server version number: 9.0.119.0
29-Jun-2026 15:58:33.721 INFO [main] org.apache.catalina.startup.VersionLoggerListener.log OS Name:               Windows 11
29-Jun-2026 15:58:33.724 INFO [main] org.apache.catalina.startup.VersionLoggerListener.log OS Version:            10.0
29-Jun-2026 15:58:33.724 INFO [main] org.apache.catalina.startup.VersionLoggerListener.log Architecture:          amd64
29-Jun-2026 15:58:33.725 INFO [main] org.apache.catalina.startup.VersionLoggerListener.log Java Home:             C:\Program Files\Java\jdk-21.0.10
29-Jun-2026 15:58:33.725 INFO [main] org.apache.catalina.startup.VersionLoggerListener.log JVM Version:           21.0.10+8-LTS-217
29-Jun-2026 15:58:33.727 INFO [main] org.apache.catalina.startup.VersionLoggerListener.log JVM Vendor:            Oracle Corporation
29-Jun-2026 15:58:33.727 INFO [main] org.apache.catalina.startup.VersionLoggerListener.log CATALINA_BASE:         C:\Users\darmick.kr\Desktop\Tomcat-Cluster\tomcat1\Tomcat 9.0
29-Jun-2026 15:58:33.728 INFO [main] org.apache.catalina.startup.VersionLoggerListener.log CATALINA_HOME:         C:\Users\darmick.kr\Desktop\Tomcat-Cluster\tomcat1\Tomcat 9.0
29-Jun-2026 15:58:33.766 INFO [main] org.apache.catalina.startup.VersionLoggerListener.log Command line argument: --add-opens=java.base/java.lang=ALL-UNNAMED
29-Jun-2026 15:58:33.768 INFO [main] org.apache.catalina.startup.VersionLoggerListener.log Command line argument: --add-opens=java.base/java.lang.invoke=ALL-UNNAMED
29-Jun-2026 15:58:33.771 INFO [main] org.apache.catalina.startup.VersionLoggerListener.log Command line argument: --add-opens=java.base/java.lang.reflect=ALL-UNNAMED
29-Jun-2026 15:58:33.771 INFO [main] org.apache.catalina.startup.VersionLoggerListener.log Command line argument: --add-opens=java.base/java.io=ALL-UNNAMED
29-Jun-2026 15:58:33.773 INFO [main] org.apache.catalina.startup.VersionLoggerListener.log Command line argument: --add-opens=java.base/java.util=ALL-UNNAMED
29-Jun-2026 15:58:33.775 INFO [main] org.apache.catalina.startup.VersionLoggerListener.log Command line argument: --add-opens=java.base/java.util.concurrent=ALL-UNNAMED
29-Jun-2026 15:58:33.775 INFO [main] org.apache.catalina.startup.VersionLoggerListener.log Command line argument: --add-opens=java.rmi/sun.rmi.transport=ALL-UNNAMED
29-Jun-2026 15:58:33.777 INFO [main] org.apache.catalina.startup.VersionLoggerListener.log Command line argument: -Djava.util.logging.config.file=C:\Users\darmick.kr\Desktop\Tomcat-Cluster\tomcat1\Tomcat 9.0\conf\logging.properties
29-Jun-2026 15:58:33.778 INFO [main] org.apache.catalina.startup.VersionLoggerListener.log Command line argument: -Djava.util.logging.manager=org.apache.juli.ClassLoaderLogManager
29-Jun-2026 15:58:33.778 INFO [main] org.apache.catalina.startup.VersionLoggerListener.log Command line argument: -Djdk.tls.ephemeralDHKeySize=2048
29-Jun-2026 15:58:33.779 INFO [main] org.apache.catalina.startup.VersionLoggerListener.log Command line argument: -Djava.protocol.handler.pkgs=org.apache.catalina.webresources
29-Jun-2026 15:58:33.780 INFO [main] org.apache.catalina.startup.VersionLoggerListener.log Command line argument: -Dsun.io.useCanonCaches=false
29-Jun-2026 15:58:33.781 INFO [main] org.apache.catalina.startup.VersionLoggerListener.log Command line argument: -Dignore.endorsed.dirs=
29-Jun-2026 15:58:33.782 INFO [main] org.apache.catalina.startup.VersionLoggerListener.log Command line argument: -Dcatalina.base=C:\Users\darmick.kr\Desktop\Tomcat-Cluster\tomcat1\Tomcat 9.0
29-Jun-2026 15:58:33.784 INFO [main] org.apache.catalina.startup.VersionLoggerListener.log Command line argument: -Dcatalina.home=C:\Users\darmick.kr\Desktop\Tomcat-Cluster\tomcat1\Tomcat 9.0
29-Jun-2026 15:58:33.786 INFO [main] org.apache.catalina.startup.VersionLoggerListener.log Command line argument: -Djava.io.tmpdir=C:\Users\darmick.kr\Desktop\Tomcat-Cluster\tomcat1\Tomcat 9.0\temp
29-Jun-2026 15:58:33.789 INFO [main] org.apache.catalina.startup.VersionLoggerListener.log Command line argument: -agentpath:C:\Program Files\SentinelOne\Sentinel Agent 25.2.6.442\SentinelJava64.dll=extendedCapabilities
29-Jun-2026 15:58:33.900 INFO [main] org.apache.catalina.core.AprLifecycleListener.lifecycleEvent The Apache Tomcat Native library which allows using OpenSSL was not found on the java.library.path: [C:\Program Files\Java\jdk-21.0.10\bin;C:\WINDOWS\Sun\Java\bin;C:\WINDOWS\system32;C:\WINDOWS;C:\Program Files\Java\jdk-21.0.10\bin;C:\Program Files\Python314\Scripts\;C:\Program Files\Python314\;C:\Program Files\Common Files\Oracle\Java\javapath;C:\Program Files\Microsoft SDKs\Azure\CLI2\wbin;C:\WINDOWS\system32;C:\WINDOWS;C:\WINDOWS\System32\Wbem;C:\WINDOWS\System32\WindowsPowerShell\v1.0\;C:\WINDOWS\System32\OpenSSH\;C:\Helm;C:\Program Files\Docker\Docker\resources\bin;C:\Program Files (x86)\Microsoft SQL Server\160\DTS\Binn\;C:\Program Files\Azure Data Studio\bin;C:\Program Files\Microsoft SQL Server\170\Tools\Binn\;C:\Program Files\Microsoft SQL Server\Client SDK\ODBC\170\Tools\Binn\;C:\Program Files\dotnet\;C:\Program Files\PuTTY\;C:\apache-maven-3.9.14-bin\apache-maven-3.9.14\bin;C:\Program Files\Amazon\AWSCLIV2\;C:\httpd-2.4.68-260617-Win64-VS18\Apache24\bin;C:\Program Files\apache-maven-3.9.14\bin;C:\Users\darmick.kr\AppData\Local\Microsoft\WindowsApps;C:\Users\darmick.kr\AppData\Local\Microsoft\GitHubDesktop\bin;C:\Users\darmick.kr\AppData\Local\Programs\Microsoft VS Code\bin;C:\Users\darmick.kr\AppData\Local\Programs\Git\cmd;C:\Users\darmick.kr\AppData\Local\GitHubDesktop\bin;.]
29-Jun-2026 15:58:34.830 INFO [main] org.apache.coyote.AbstractProtocol.init Initializing ProtocolHandler ["http-nio-8092"]
29-Jun-2026 15:58:34.961 INFO [main] org.apache.catalina.startup.Catalina.load Server initialization in [1876] milliseconds
29-Jun-2026 15:58:35.176 INFO [main] org.apache.catalina.core.StandardService.startInternal Starting service [Catalina]
29-Jun-2026 15:58:35.177 INFO [main] org.apache.catalina.core.StandardEngine.startInternal Starting Servlet engine: [Apache Tomcat/9.0.119]
29-Jun-2026 15:58:35.303 INFO [main] org.apache.catalina.startup.HostConfig.deployWAR Deploying web application archive [C:\Users\darmick.kr\Desktop\Tomcat-Cluster\tomcat1\Tomcat 9.0\webapps\inventory-system.war]
29-Jun-2026 15:58:40.055 INFO [main] org.apache.jasper.servlet.TldScanner.scanJars At least one JAR was scanned for TLDs yet contained no TLDs. Enable debug logging for this logger for a complete list of JARs that were scanned but no TLDs were found in them. Skipping unneeded JARs during scanning can improve startup time and JSP compilation time.
29-Jun-2026 15:58:41.155 INFO [main] org.springframework.web.servlet.FrameworkServlet.initServletBean Initializing Servlet 'dispatcher'
29-Jun-2026 15:58:48.090 INFO [main] org.springframework.web.servlet.FrameworkServlet.initServletBean Completed initialization in 6934 ms
29-Jun-2026 15:58:48.131 INFO [main] org.apache.catalina.startup.HostConfig.deployWAR Deployment of web application archive [C:\Users\darmick.kr\Desktop\Tomcat-Cluster\tomcat1\Tomcat 9.0\webapps\inventory-system.war] has finished in [12,828] ms
29-Jun-2026 15:58:48.137 INFO [main] org.apache.catalina.startup.HostConfig.deployDirectory Deploying web application directory [C:\Users\darmick.kr\Desktop\Tomcat-Cluster\tomcat1\Tomcat 9.0\webapps\docs]
29-Jun-2026 15:58:48.334 INFO [main] org.apache.catalina.startup.HostConfig.deployDirectory Deployment of web application directory [C:\Users\darmick.kr\Desktop\Tomcat-Cluster\tomcat1\Tomcat 9.0\webapps\docs] has finished in [196] ms
29-Jun-2026 15:58:48.339 INFO [main] org.apache.catalina.startup.HostConfig.deployDirectory Deploying web application directory [C:\Users\darmick.kr\Desktop\Tomcat-Cluster\tomcat1\Tomcat 9.0\webapps\manager]
29-Jun-2026 15:58:48.567 INFO [main] org.apache.catalina.startup.HostConfig.deployDirectory Deployment of web application directory [C:\Users\darmick.kr\Desktop\Tomcat-Cluster\tomcat1\Tomcat 9.0\webapps\manager] has finished in [231] ms
29-Jun-2026 15:58:48.569 INFO [main] org.apache.catalina.startup.HostConfig.deployDirectory Deploying web application directory [C:\Users\darmick.kr\Desktop\Tomcat-Cluster\tomcat1\Tomcat 9.0\webapps\ROOT]
29-Jun-2026 15:58:48.729 INFO [main] org.apache.catalina.startup.HostConfig.deployDirectory Deployment of web application directory [C:\Users\darmick.kr\Desktop\Tomcat-Cluster\tomcat1\Tomcat 9.0\webapps\ROOT] has finished in [159] ms
29-Jun-2026 15:58:48.749 INFO [main] org.apache.coyote.AbstractProtocol.start Starting ProtocolHandler ["http-nio-8092"]
29-Jun-2026 15:58:48.838 INFO [main] org.apache.catalina.startup.Catalina.start Server startup in [13871] milliseconds
29-Jun-2026 16:36:26.208 INFO [Catalina-utility-1] org.apache.catalina.startup.HostConfig.undeploy Undeploying context [/inventory-system]
29-Jun-2026 16:36:26.353 INFO [Catalina-utility-1] org.apache.catalina.startup.HostConfig.deployWAR Deploying web application archive [C:\Users\darmick.kr\Desktop\Tomcat-Cluster\tomcat1\Tomcat 9.0\webapps\inventory-system.war]
29-Jun-2026 16:36:26.372 SEVERE [Catalina-utility-1] org.apache.catalina.startup.ContextConfig.beforeStart Exception fixing docBase for context [/inventory-system]
	java.io.FileNotFoundException: C:\Users\darmick.kr\Desktop\Tomcat-Cluster\tomcat1\Tomcat 9.0\webapps\inventory-system.war (The process cannot access the file because it is being used by another process)
		at java.base/java.io.FileInputStream.open0(Native Method)
		at java.base/java.io.FileInputStream.open(FileInputStream.java:213)
		at java.base/java.io.FileInputStream.<init>(FileInputStream.java:152)
		at java.base/java.io.FileInputStream.<init>(FileInputStream.java:106)
		at java.base/sun.net.www.protocol.file.FileURLConnection.connect(FileURLConnection.java:84)
		at java.base/sun.net.www.protocol.file.FileURLConnection.getInputStream(FileURLConnection.java:180)
		at org.apache.catalina.startup.ExpandWar.expand(ExpandWar.java:89)
		at org.apache.catalina.startup.ContextConfig.fixDocBase(ContextConfig.java:879)
		at org.apache.catalina.startup.ContextConfig.beforeStart(ContextConfig.java:1018)
		at org.apache.catalina.startup.ContextConfig.lifecycleEvent(ContextConfig.java:300)
		at org.apache.catalina.util.LifecycleBase.fireLifecycleEvent(LifecycleBase.java:115)
		at org.apache.catalina.util.LifecycleBase.setStateInternal(LifecycleBase.java:395)
		at org.apache.catalina.util.LifecycleBase.start(LifecycleBase.java:169)
		at org.apache.catalina.core.ContainerBase.addChildInternal(ContainerBase.java:616)
		at org.apache.catalina.core.ContainerBase.addChild(ContainerBase.java:588)
		at org.apache.catalina.core.StandardHost.addChild(StandardHost.java:622)
		at org.apache.catalina.startup.HostConfig.deployWAR(HostConfig.java:1012)
		at org.apache.catalina.startup.HostConfig$DeployWar.run(HostConfig.java:1882)
		at java.base/java.util.concurrent.Executors$RunnableAdapter.call(Executors.java:572)
		at java.base/java.util.concurrent.FutureTask.run(FutureTask.java:317)
		at org.apache.tomcat.util.threads.InlineExecutorService.execute(InlineExecutorService.java:93)
		at java.base/java.util.concurrent.AbstractExecutorService.submit(AbstractExecutorService.java:123)
		at org.apache.catalina.startup.HostConfig.deployWARs(HostConfig.java:843)
		at org.apache.catalina.startup.HostConfig.deployApps(HostConfig.java:497)
		at org.apache.catalina.startup.HostConfig.check(HostConfig.java:1643)
		at org.apache.catalina.startup.HostConfig.lifecycleEvent(HostConfig.java:329)
		at org.apache.catalina.util.LifecycleBase.fireLifecycleEvent(LifecycleBase.java:115)
		at org.apache.catalina.core.ContainerBase.backgroundProcess(ContainerBase.java:989)
		at org.apache.catalina.core.ContainerBase$ContainerBackgroundProcessor.processChildren(ContainerBase.java:1212)
		at org.apache.catalina.core.ContainerBase$ContainerBackgroundProcessor.processChildren(ContainerBase.java:1216)
		at org.apache.catalina.core.ContainerBase$ContainerBackgroundProcessor.run(ContainerBase.java:1189)
		at java.base/java.util.concurrent.Executors$RunnableAdapter.call(Executors.java:572)
		at java.base/java.util.concurrent.FutureTask.runAndReset(FutureTask.java:358)
		at java.base/java.util.concurrent.ScheduledThreadPoolExecutor$ScheduledFutureTask.run(ScheduledThreadPoolExecutor.java:305)
		at java.base/java.util.concurrent.ThreadPoolExecutor.runWorker(ThreadPoolExecutor.java:1144)
		at java.base/java.util.concurrent.ThreadPoolExecutor$Worker.run(ThreadPoolExecutor.java:642)
		at org.apache.tomcat.util.threads.TaskThread$WrappingRunnable.run(TaskThread.java:80)
		at java.base/java.lang.Thread.run(Thread.java:1583)
29-Jun-2026 16:36:26.388 SEVERE [Catalina-utility-1] org.apache.catalina.startup.HostConfig.deployWAR Error deploying web application archive [C:\Users\darmick.kr\Desktop\Tomcat-Cluster\tomcat1\Tomcat 9.0\webapps\inventory-system.war]
	java.lang.IllegalStateException: Error starting child
		at org.apache.catalina.core.ContainerBase.addChildInternal(ContainerBase.java:619)
		at org.apache.catalina.core.ContainerBase.addChild(ContainerBase.java:588)
		at org.apache.catalina.core.StandardHost.addChild(StandardHost.java:622)
		at org.apache.catalina.startup.HostConfig.deployWAR(HostConfig.java:1012)
		at org.apache.catalina.startup.HostConfig$DeployWar.run(HostConfig.java:1882)
		at java.base/java.util.concurrent.Executors$RunnableAdapter.call(Executors.java:572)
		at java.base/java.util.concurrent.FutureTask.run(FutureTask.java:317)
		at org.apache.tomcat.util.threads.InlineExecutorService.execute(InlineExecutorService.java:93)
		at java.base/java.util.concurrent.AbstractExecutorService.submit(AbstractExecutorService.java:123)
		at org.apache.catalina.startup.HostConfig.deployWARs(HostConfig.java:843)
		at org.apache.catalina.startup.HostConfig.deployApps(HostConfig.java:497)
		at org.apache.catalina.startup.HostConfig.check(HostConfig.java:1643)
		at org.apache.catalina.startup.HostConfig.lifecycleEvent(HostConfig.java:329)
		at org.apache.catalina.util.LifecycleBase.fireLifecycleEvent(LifecycleBase.java:115)
		at org.apache.catalina.core.ContainerBase.backgroundProcess(ContainerBase.java:989)
		at org.apache.catalina.core.ContainerBase$ContainerBackgroundProcessor.processChildren(ContainerBase.java:1212)
		at org.apache.catalina.core.ContainerBase$ContainerBackgroundProcessor.processChildren(ContainerBase.java:1216)
		at org.apache.catalina.core.ContainerBase$ContainerBackgroundProcessor.run(ContainerBase.java:1189)
		at java.base/java.util.concurrent.Executors$RunnableAdapter.call(Executors.java:572)
		at java.base/java.util.concurrent.FutureTask.runAndReset(FutureTask.java:358)
		at java.base/java.util.concurrent.ScheduledThreadPoolExecutor$ScheduledFutureTask.run(ScheduledThreadPoolExecutor.java:305)
		at java.base/java.util.concurrent.ThreadPoolExecutor.runWorker(ThreadPoolExecutor.java:1144)
		at java.base/java.util.concurrent.ThreadPoolExecutor$Worker.run(ThreadPoolExecutor.java:642)
		at org.apache.tomcat.util.threads.TaskThread$WrappingRunnable.run(TaskThread.java:80)
		at java.base/java.lang.Thread.run(Thread.java:1583)
	Caused by: org.apache.catalina.LifecycleException: Failed to initialize component [org.apache.catalina.webresources.WarResourceSet@30236462]
		at org.apache.catalina.util.LifecycleBase.handleSubClassException(LifecycleBase.java:410)
		at org.apache.catalina.util.LifecycleBase.init(LifecycleBase.java:131)
		at org.apache.catalina.util.LifecycleBase.start(LifecycleBase.java:161)
		at org.apache.catalina.webresources.StandardRoot.startInternal(StandardRoot.java:782)
		at org.apache.catalina.util.LifecycleBase.start(LifecycleBase.java:170)
		at org.apache.catalina.core.StandardContext.resourcesStart(StandardContext.java:4317)
		at org.apache.catalina.core.StandardContext.startInternal(StandardContext.java:4439)
		at org.apache.catalina.util.LifecycleBase.start(LifecycleBase.java:170)
		at org.apache.catalina.core.ContainerBase.addChildInternal(ContainerBase.java:616)
		... 24 more
	Caused by: java.lang.IllegalArgumentException: java.io.IOException: java.lang.reflect.InvocationTargetException
		at org.apache.catalina.webresources.AbstractSingleArchiveResourceSet.initInternal(AbstractSingleArchiveResourceSet.java:152)
		at org.apache.catalina.util.LifecycleBase.init(LifecycleBase.java:128)
		... 31 more
	Caused by: java.io.IOException: java.lang.reflect.InvocationTargetException
		at org.apache.tomcat.util.compat.Jre9Compat.jarFileNewInstance(Jre9Compat.java:208)
		at org.apache.tomcat.util.compat.Jre12Compat.jarFileNewInstance(Jre12Compat.java:33)
		at org.apache.tomcat.util.compat.JreCompat.jarFileNewInstance(JreCompat.java:345)
		at org.apache.catalina.webresources.AbstractSingleArchiveResourceSet.initInternal(AbstractSingleArchiveResourceSet.java:149)
		... 32 more
	Caused by: java.lang.reflect.InvocationTargetException
		at java.base/jdk.internal.reflect.DirectConstructorHandleAccessor.newInstance(DirectConstructorHandleAccessor.java:74)
		at java.base/java.lang.reflect.Constructor.newInstanceWithCaller(Constructor.java:502)
		at java.base/java.lang.reflect.Constructor.newInstance(Constructor.java:486)
		at org.apache.tomcat.util.compat.Jre9Compat.jarFileNewInstance(Jre9Compat.java:206)
		... 35 more
	Caused by: java.io.FileNotFoundException: C:\Users\darmick.kr\Desktop\Tomcat-Cluster\tomcat1\Tomcat 9.0\webapps\inventory-system.war (The process cannot access the file because it is being used by another process)
		at java.base/java.io.RandomAccessFile.open0(Native Method)
		at java.base/java.io.RandomAccessFile.open(RandomAccessFile.java:356)
		at java.base/java.io.RandomAccessFile.<init>(RandomAccessFile.java:273)
		at java.base/java.io.RandomAccessFile.<init>(RandomAccessFile.java:223)
		at java.base/java.util.zip.ZipFile$Source.<init>(ZipFile.java:1492)
		at java.base/java.util.zip.ZipFile$Source.get(ZipFile.java:1458)
		at java.base/java.util.zip.ZipFile$CleanableResource.<init>(ZipFile.java:724)
		at java.base/java.util.zip.ZipFile.<init>(ZipFile.java:251)
		at java.base/java.util.zip.ZipFile.<init>(ZipFile.java:180)
		at java.base/java.util.jar.JarFile.<init>(JarFile.java:345)
		at java.base/jdk.internal.reflect.DirectConstructorHandleAccessor.newInstance(DirectConstructorHandleAccessor.java:62)
		... 38 more
29-Jun-2026 16:36:26.402 INFO [Catalina-utility-1] org.apache.catalina.startup.HostConfig.deployWAR Deployment of web application archive [C:\Users\darmick.kr\Desktop\Tomcat-Cluster\tomcat1\Tomcat 9.0\webapps\inventory-system.war] has finished in [48] ms
29-Jun-2026 16:50:54.105 INFO [main] org.apache.catalina.startup.VersionLoggerListener.log Server version name:   Apache Tomcat/9.0.119
29-Jun-2026 16:50:54.109 INFO [main] org.apache.catalina.startup.VersionLoggerListener.log Server built:          Jun 18 2026 07:06:31 UTC
29-Jun-2026 16:50:54.109 INFO [main] org.apache.catalina.startup.VersionLoggerListener.log Server version number: 9.0.119.0
29-Jun-2026 16:50:54.109 INFO [main] org.apache.catalina.startup.VersionLoggerListener.log OS Name:               Windows 11
29-Jun-2026 16:50:54.109 INFO [main] org.apache.catalina.startup.VersionLoggerListener.log OS Version:            10.0
29-Jun-2026 16:50:54.109 INFO [main] org.apache.catalina.startup.VersionLoggerListener.log Architecture:          amd64
29-Jun-2026 16:50:54.110 INFO [main] org.apache.catalina.startup.VersionLoggerListener.log Java Home:             C:\Program Files\Java\jdk-21.0.10
29-Jun-2026 16:50:54.110 INFO [main] org.apache.catalina.startup.VersionLoggerListener.log JVM Version:           21.0.10+8-LTS-217
29-Jun-2026 16:50:54.110 INFO [main] org.apache.catalina.startup.VersionLoggerListener.log JVM Vendor:            Oracle Corporation
29-Jun-2026 16:50:54.110 INFO [main] org.apache.catalina.startup.VersionLoggerListener.log CATALINA_BASE:         C:\Users\darmick.kr\Desktop\Tomcat-Cluster\tomcat1\Tomcat 9.0
29-Jun-2026 16:50:54.111 INFO [main] org.apache.catalina.startup.VersionLoggerListener.log CATALINA_HOME:         C:\Users\darmick.kr\Desktop\Tomcat-Cluster\tomcat1\Tomcat 9.0
29-Jun-2026 16:50:54.121 INFO [main] org.apache.catalina.startup.VersionLoggerListener.log Command line argument: --add-opens=java.base/java.lang=ALL-UNNAMED
29-Jun-2026 16:50:54.122 INFO [main] org.apache.catalina.startup.VersionLoggerListener.log Command line argument: --add-opens=java.base/java.lang.invoke=ALL-UNNAMED
29-Jun-2026 16:50:54.122 INFO [main] org.apache.catalina.startup.VersionLoggerListener.log Command line argument: --add-opens=java.base/java.lang.reflect=ALL-UNNAMED
29-Jun-2026 16:50:54.122 INFO [main] org.apache.catalina.startup.VersionLoggerListener.log Command line argument: --add-opens=java.base/java.io=ALL-UNNAMED
29-Jun-2026 16:50:54.122 INFO [main] org.apache.catalina.startup.VersionLoggerListener.log Command line argument: --add-opens=java.base/java.util=ALL-UNNAMED
29-Jun-2026 16:50:54.122 INFO [main] org.apache.catalina.startup.VersionLoggerListener.log Command line argument: --add-opens=java.base/java.util.concurrent=ALL-UNNAMED
29-Jun-2026 16:50:54.122 INFO [main] org.apache.catalina.startup.VersionLoggerListener.log Command line argument: --add-opens=java.rmi/sun.rmi.transport=ALL-UNNAMED
29-Jun-2026 16:50:54.123 INFO [main] org.apache.catalina.startup.VersionLoggerListener.log Command line argument: -Djava.util.logging.config.file=C:\Users\darmick.kr\Desktop\Tomcat-Cluster\tomcat1\Tomcat 9.0\conf\logging.properties
29-Jun-2026 16:50:54.123 INFO [main] org.apache.catalina.startup.VersionLoggerListener.log Command line argument: -Djava.util.logging.manager=org.apache.juli.ClassLoaderLogManager
29-Jun-2026 16:50:54.123 INFO [main] org.apache.catalina.startup.VersionLoggerListener.log Command line argument: -Djdk.tls.ephemeralDHKeySize=2048
29-Jun-2026 16:50:54.123 INFO [main] org.apache.catalina.startup.VersionLoggerListener.log Command line argument: -Djava.protocol.handler.pkgs=org.apache.catalina.webresources
29-Jun-2026 16:50:54.123 INFO [main] org.apache.catalina.startup.VersionLoggerListener.log Command line argument: -Dsun.io.useCanonCaches=false
29-Jun-2026 16:50:54.124 INFO [main] org.apache.catalina.startup.VersionLoggerListener.log Command line argument: -Dignore.endorsed.dirs=
29-Jun-2026 16:50:54.124 INFO [main] org.apache.catalina.startup.VersionLoggerListener.log Command line argument: -Dcatalina.base=C:\Users\darmick.kr\Desktop\Tomcat-Cluster\tomcat1\Tomcat 9.0
29-Jun-2026 16:50:54.124 INFO [main] org.apache.catalina.startup.VersionLoggerListener.log Command line argument: -Dcatalina.home=C:\Users\darmick.kr\Desktop\Tomcat-Cluster\tomcat1\Tomcat 9.0
29-Jun-2026 16:50:54.124 INFO [main] org.apache.catalina.startup.VersionLoggerListener.log Command line argument: -Djava.io.tmpdir=C:\Users\darmick.kr\Desktop\Tomcat-Cluster\tomcat1\Tomcat 9.0\temp
29-Jun-2026 16:50:54.124 INFO [main] org.apache.catalina.startup.VersionLoggerListener.log Command line argument: -agentpath:C:\Program Files\SentinelOne\Sentinel Agent 25.2.6.442\SentinelJava64.dll=extendedCapabilities
29-Jun-2026 16:50:54.148 INFO [main] org.apache.catalina.core.AprLifecycleListener.lifecycleEvent The Apache Tomcat Native library which allows using OpenSSL was not found on the java.library.path: [C:\Program Files\Java\jdk-21.0.10\bin;C:\WINDOWS\Sun\Java\bin;C:\WINDOWS\system32;C:\WINDOWS;C:\Program Files\Java\jdk-21.0.10\bin;C:\Program Files\Python314\Scripts\;C:\Program Files\Python314\;C:\Program Files\Common Files\Oracle\Java\javapath;C:\Program Files\Microsoft SDKs\Azure\CLI2\wbin;C:\WINDOWS\system32;C:\WINDOWS;C:\WINDOWS\System32\Wbem;C:\WINDOWS\System32\WindowsPowerShell\v1.0\;C:\WINDOWS\System32\OpenSSH\;C:\Helm;C:\Program Files\Docker\Docker\resources\bin;C:\Program Files (x86)\Microsoft SQL Server\160\DTS\Binn\;C:\Program Files\Azure Data Studio\bin;C:\Program Files\Microsoft SQL Server\170\Tools\Binn\;C:\Program Files\Microsoft SQL Server\Client SDK\ODBC\170\Tools\Binn\;C:\Program Files\dotnet\;C:\Program Files\PuTTY\;C:\apache-maven-3.9.14-bin\apache-maven-3.9.14\bin;C:\Program Files\Amazon\AWSCLIV2\;C:\httpd-2.4.68-260617-Win64-VS18\Apache24\bin;C:\Program Files\apache-maven-3.9.14\bin;C:\Users\darmick.kr\AppData\Local\Microsoft\WindowsApps;C:\Users\darmick.kr\AppData\Local\Microsoft\GitHubDesktop\bin;C:\Users\darmick.kr\AppData\Local\Programs\Microsoft VS Code\bin;C:\Users\darmick.kr\AppData\Local\Programs\Git\cmd;C:\Users\darmick.kr\AppData\Local\GitHubDesktop\bin;c:\Users\darmick.kr\.vscode\extensions\vscjava.vscode-java-debug-0.59.0\bundled\scripts\noConfigScripts;.]
29-Jun-2026 16:50:54.482 INFO [main] org.apache.coyote.AbstractProtocol.init Initializing ProtocolHandler ["http-nio-8092"]
29-Jun-2026 16:50:54.510 INFO [main] org.apache.catalina.startup.Catalina.load Server initialization in [663] milliseconds
29-Jun-2026 16:50:54.575 INFO [main] org.apache.catalina.core.StandardService.startInternal Starting service [Catalina]
29-Jun-2026 16:50:54.576 INFO [main] org.apache.catalina.core.StandardEngine.startInternal Starting Servlet engine: [Apache Tomcat/9.0.119]
29-Jun-2026 16:50:54.611 INFO [main] org.apache.catalina.startup.HostConfig.deployWAR Deploying web application archive [C:\Users\darmick.kr\Desktop\Tomcat-Cluster\tomcat1\Tomcat 9.0\webapps\inventory-system.war]
29-Jun-2026 16:50:56.886 INFO [main] org.apache.jasper.servlet.TldScanner.scanJars At least one JAR was scanned for TLDs yet contained no TLDs. Enable debug logging for this logger for a complete list of JARs that were scanned but no TLDs were found in them. Skipping unneeded JARs during scanning can improve startup time and JSP compilation time.
29-Jun-2026 16:50:57.246 INFO [main] org.springframework.web.servlet.FrameworkServlet.initServletBean Initializing Servlet 'dispatcher'
29-Jun-2026 16:51:02.627 INFO [main] org.springframework.web.servlet.FrameworkServlet.initServletBean Completed initialization in 5381 ms
29-Jun-2026 16:51:02.661 INFO [main] org.apache.catalina.startup.HostConfig.deployWAR Deployment of web application archive [C:\Users\darmick.kr\Desktop\Tomcat-Cluster\tomcat1\Tomcat 9.0\webapps\inventory-system.war] has finished in [8,050] ms
29-Jun-2026 16:51:02.663 INFO [main] org.apache.catalina.startup.HostConfig.deployDirectory Deploying web application directory [C:\Users\darmick.kr\Desktop\Tomcat-Cluster\tomcat1\Tomcat 9.0\webapps\docs]
29-Jun-2026 16:51:02.779 INFO [main] org.apache.catalina.startup.HostConfig.deployDirectory Deployment of web application directory [C:\Users\darmick.kr\Desktop\Tomcat-Cluster\tomcat1\Tomcat 9.0\webapps\docs] has finished in [116] ms
29-Jun-2026 16:51:02.780 INFO [main] org.apache.catalina.startup.HostConfig.deployDirectory Deploying web application directory [C:\Users\darmick.kr\Desktop\Tomcat-Cluster\tomcat1\Tomcat 9.0\webapps\manager]
29-Jun-2026 16:51:02.920 INFO [main] org.apache.catalina.startup.HostConfig.deployDirectory Deployment of web application directory [C:\Users\darmick.kr\Desktop\Tomcat-Cluster\tomcat1\Tomcat 9.0\webapps\manager] has finished in [140] ms
29-Jun-2026 16:51:02.921 INFO [main] org.apache.catalina.startup.HostConfig.deployDirectory Deploying web application directory [C:\Users\darmick.kr\Desktop\Tomcat-Cluster\tomcat1\Tomcat 9.0\webapps\ROOT]
29-Jun-2026 16:51:03.032 INFO [main] org.apache.catalina.startup.HostConfig.deployDirectory Deployment of web application directory [C:\Users\darmick.kr\Desktop\Tomcat-Cluster\tomcat1\Tomcat 9.0\webapps\ROOT] has finished in [110] ms
29-Jun-2026 16:51:03.048 INFO [main] org.apache.coyote.AbstractProtocol.start Starting ProtocolHandler ["http-nio-8092"]
29-Jun-2026 16:51:03.131 INFO [main] org.apache.catalina.startup.Catalina.start Server startup in [8618] milliseconds
